\BOOKMARK [0][-]{lop.0}{List of papers}{}% 1
\BOOKMARK [-1][-]{part.1}{Part I: Concept}{}% 2
\BOOKMARK [0][-]{chapter.1}{1 Interaction of Light and Matter}{part.1}% 3
\BOOKMARK [1][-]{section.1.1}{1.1 Light as electromagnetic radiation}{chapter.1}% 4
\BOOKMARK [1][-]{section.1.2}{1.2 Photon-material interactions}{chapter.1}% 5
\BOOKMARK [2][-]{subsection.1.2.1}{1.2.1 Scattering by a single free electron}{section.1.2}% 6
\BOOKMARK [1][-]{section.1.3}{1.3 Diffraction}{chapter.1}% 7
\BOOKMARK [2][-]{subsection.1.3.1}{1.3.1 Lorentz Force}{section.1.3}% 8
\BOOKMARK [2][-]{subsection.1.3.2}{1.3.2 Scattering by a single free electron}{section.1.3}% 9
\BOOKMARK [2][-]{subsection.1.3.3}{1.3.3 Two-body scatteringScattering from two electrons}{section.1.3}% 10
\BOOKMARK [2][-]{subsection.1.3.4}{1.3.4 Scattering from multiple electrons}{section.1.3}% 11
\BOOKMARK [2][-]{subsection.1.3.5}{1.3.5 Scattering Potential}{section.1.3}% 12
\BOOKMARK [1][-]{section.1.4}{1.4 Radiation Damage}{chapter.1}% 13
\BOOKMARK [1][-]{section.1.5}{1.5 Diffract-before-destroyDiffraction before destruction}{chapter.1}% 14
\BOOKMARK [-1][-]{part.2}{Part II: Motivation}{}% 15
\BOOKMARK [0][-]{chapter.2}{2 Motivation}{part.2}% 16
\BOOKMARK [-1][-]{part.3}{Part III: Concept}{}% 17
\BOOKMARK [0][-]{chapter.3}{3 Interaction of Light and Matter}{part.3}% 18
\BOOKMARK [1][-]{section.3.1}{3.1 Light as electromagnetic radiation}{chapter.3}% 19
\BOOKMARK [1][-]{section.3.2}{3.2 Photon-material interactions}{chapter.3}% 20
\BOOKMARK [2][-]{subsection.3.2.1}{3.2.1 Scattering by a single free electron}{section.3.2}% 21
\BOOKMARK [2][-]{subsection.3.2.2}{3.2.2 Two-body scattering}{section.3.2}% 22
\BOOKMARK [2][-]{subsection.3.2.3}{3.2.3 Scattering from multiple electrons}{section.3.2}% 23
\BOOKMARK [2][-]{subsection.3.2.4}{3.2.4 Scattering Potential}{section.3.2}% 24
\BOOKMARK [1][-]{section.3.3}{3.3 Radiation Damage}{chapter.3}% 25
\BOOKMARK [1][-]{section.3.4}{3.4 Diffract-before-destroy}{chapter.3}% 26
\BOOKMARK [0][-]{chapter.4}{4 Pulse Generation by XFEL}{part.3}% 27
\BOOKMARK [1][-]{section.4.1}{4.1 Klystron}{chapter.4}% 28
\BOOKMARK [1][-]{section.4.2}{4.2 Bunch Compression}{chapter.4}% 29
\BOOKMARK [1][-]{section.4.3}{4.3 Undulator}{chapter.4}% 30
\BOOKMARK [2][-]{subsection.4.3.1}{4.3.1 Monochromatic X-ray radiation}{section.4.3}% 31
\BOOKMARK [2][-]{subsection.4.3.2}{4.3.2 SASE}{section.4.3}% 32
\BOOKMARK [1][-]{section.4.4}{4.4 Improvements}{chapter.4}% 33
\BOOKMARK [0][-]{chapter.5}{5 Sample Introduction}{part.3}% 34
\BOOKMARK [1][-]{section.5.1}{5.1 Substrate-bound Sample Delivery}{chapter.5}% 35
\BOOKMARK [2][-]{subsection.5.1.1}{5.1.1 Solid substrate}{section.5.1}% 36
\BOOKMARK [2][-]{subsection.5.1.2}{5.1.2 Micro Compartments}{section.5.1}% 37
\BOOKMARK [2][-]{subsection.5.1.3}{5.1.3 Liquid Jets}{section.5.1}% 38
\BOOKMARK [1][-]{section.5.2}{5.2 Substrate-free sample delivery}{chapter.5}% 39
\BOOKMARK [2][-]{subsection.5.2.1}{5.2.1 Gas Dynamic Virtual Nozzle}{section.5.2}% 40
\BOOKMARK [2][-]{subsection.5.2.2}{5.2.2 Aerodynamic Lens Stack}{section.5.2}% 41
\BOOKMARK [2][-]{subsection.5.2.3}{5.2.3 Electro Spray Ionisation}{section.5.2}% 42
\BOOKMARK [2][-]{subsection.5.2.4}{5.2.4 Drop-on-demand}{section.5.2}% 43
\BOOKMARK [0][-]{chapter.6}{6 Data recording}{part.3}% 44
\BOOKMARK [1][-]{section.6.1}{6.1 the pnCCD detector}{chapter.6}% 45
\BOOKMARK [1][-]{section.6.2}{6.2 Quantum Efficiency}{chapter.6}% 46
\BOOKMARK [1][-]{section.6.3}{6.3 Missing Data}{chapter.6}% 47
\BOOKMARK [1][-]{section.6.4}{6.4 Saturation}{chapter.6}% 48
\BOOKMARK [0][-]{chapter.7}{7 Phase Retrieval}{part.3}% 49
\BOOKMARK [1][-]{section.7.1}{7.1 Oversampling}{chapter.7}% 50
\BOOKMARK [1][-]{section.7.2}{7.2 Iterative Phase retrieval}{chapter.7}% 51
\BOOKMARK [2][-]{subsection.7.2.1}{7.2.1 Error Reduction}{section.7.2}% 52
\BOOKMARK [2][-]{subsection.7.2.2}{7.2.2 HIO}{section.7.2}% 53
\BOOKMARK [2][-]{subsection.7.2.3}{7.2.3 RAAR}{section.7.2}% 54
\BOOKMARK [1][-]{section.7.3}{7.3 Validation}{chapter.7}% 55
\BOOKMARK [2][-]{subsection.7.3.1}{7.3.1 Errors}{section.7.3}% 56
\BOOKMARK [2][-]{subsection.7.3.2}{7.3.2 PRTF}{section.7.3}% 57
\BOOKMARK [2][-]{subsection.7.3.3}{7.3.3 Missing Mode Analysis}{section.7.3}% 58
\BOOKMARK [2][-]{subsection.7.3.4}{7.3.4 Hierarchical clustering}{section.7.3}% 59
\BOOKMARK [1][-]{section.7.4}{7.4 Simulated Phase Contrast Methods}{chapter.7}% 60
\BOOKMARK [1][-]{section.7.5}{7.5 Shrinkwrap}{chapter.7}% 61
\BOOKMARK [0][-]{chapter.8}{8 3D restructions}{part.3}% 62
\BOOKMARK [1][-]{section.8.1}{8.1 the EMC algorithm}{chapter.8}% 63
\BOOKMARK [1][-]{section.8.2}{8.2 Non-reproducible objects}{chapter.8}% 64
\BOOKMARK [2][-]{subsection.8.2.1}{8.2.1 Multi-model EMC}{section.8.2}% 65
\BOOKMARK [1][-]{section.8.3}{8.3 the Manifold Embedding algorithm}{chapter.8}% 66
\BOOKMARK [2][-]{subsection.8.3.1}{8.3.1 Tomography and sub-tomogram averaging}{section.8.3}% 67
\BOOKMARK [2][-]{subsection.8.3.2}{8.3.2 Holography}{section.8.3}% 68
\BOOKMARK [0][-]{chapter.9}{9 Image Classification}{part.3}% 69
\BOOKMARK [1][-]{section.9.1}{9.1 Template-based classification}{chapter.9}% 70
\BOOKMARK [1][-]{section.9.2}{9.2 Feature extraction}{chapter.9}% 71
\BOOKMARK [2][-]{subsection.9.2.1}{9.2.1 Size}{section.9.2}% 72
\BOOKMARK [2][-]{subsection.9.2.2}{9.2.2 Multiple scatterers in the focus}{section.9.2}% 73
\BOOKMARK [2][-]{subsection.9.2.3}{9.2.3 Edge detection}{section.9.2}% 74
\BOOKMARK [0][-]{chapter.10}{10 Software}{part.3}% 75
\BOOKMARK [1][-]{section.10.1}{10.1 RedFlamingo}{chapter.10}% 76
\BOOKMARK [-1][-]{part.4}{Part IV: Results}{}% 77
\BOOKMARK [0][-]{chapter.11}{11 Results}{part.4}% 78
\BOOKMARK [1][-]{section.11.1}{11.1 Imaging live cells}{chapter.11}% 79
\BOOKMARK [1][-]{section.11.2}{11.2 Classification}{chapter.11}% 80
\BOOKMARK [1][-]{section.11.3}{11.3 Software}{chapter.11}% 81
\BOOKMARK [0][-]{chapter.12}{12 Sammanfattning pa Svenska}{part.4}% 82
\BOOKMARK [-1][-]{section*.3}{References}{}% 83
